STDOUT:
 WARNING: Element Cl  not in database and therefore omitted from calculation

 ===========================================================
 |                  THERMOCHIMICA RESULTS                  |
 ===========================================================

   7.8310E-03 mol SSacsoln    
                  { 0.82008        Th4F17Li                      
                  + 0.17992        U4F17Li }                     

       ------------------------------------------------
       Sublattice 1; stoichiometric coefficient:  1.000
                  { Li         1.0000     }

       Sublattice 2; stoichiometric coefficient:  4.000
                  { Th         0.82008     
                  + U          0.17992    }

       Sublattice 3; stoichiometric coefficient: 17.000
                  { F          1.0000     }
       ------------------------------------------------

 + 1.8984E-05 mol gas_ideal   
                  { 0.70130        F2                            
                  + 0.14935        PuF6                          
                  + 0.10275        He                            
                  + 2.7142E-02     F                             
                  + 1.1859E-02     I2                            
                  + 5.2954E-03     Ne                            
                  + 2.1504E-03     I                             
                  + 7.6984E-05     Kr                            
                  + 3.1120E-05     ZrF4                          
                  + 2.3692E-05     BeF2                          
                  + 1.0958E-05     CsBeF3                        
                  + 4.7814E-06     RbF                           
                  + 2.3794E-06     LiBeF3                        
                  + 2.3394E-06     CsZrF5                        
                  + 1.1760E-06     CsZr2F9                       
                  + 7.0766E-07     Rb2F2                         
                  + 4.4121E-08     Li2BeF4                       
                  + 1.3011E-08     Be2F4                         
                  + 8.7200E-09     Li2ZrF6                       
                  + 6.0084E-09     CsUF5                         
                  + 5.6902E-09     LiF                           
                  + 5.2854E-09     UF4                           
                  + 3.5174E-09     LiZr2F9                       
                  + 2.1839E-09     Cs2Be2F6                      
                  + 2.0997E-09     CsF                           
                  + 5.9007E-10     Li2F2                         
                  + 1.3998E-10     LiUF5                         
                  + 1.0760E-10     ThF4                          
                  + 8.0317E-11     CrF3                          
                  + 9.1614E-12     Cs2ZrF6                       
                  + 5.8866E-12     Li3F3                         
                  + 5.0441E-14     BaF2                          
                  + 5.9382E-15     CeF3                          
                  + 3.4743E-15     NdF3                          
                  + 1.9253E-15     Cs2F2                         
                  + 7.2507E-16     LaF3                          
                  + 3.3921E-16     RbI                           
                  + 2.0073E-16     SrF2                          
                  + 1.2179E-20     CsI                           
                  + 1.1695E-22     LiI                           
                  + 6.4815E-25     PuF3                          
                  + 4.3218E-28     Rb                            
                  + 8.7959E-29     Rb2I2                         
                  + 6.6399E-30     CrF2                          
                  + 3.0643E-33     Cs                            
                  + 1.2880E-33     ZrF3                          
                  + 7.1692E-36     Li                            
                  + 4.1038E-36     UF3                           
                  + 2.8186E-37     Cs2I2                         
                  + 1.6452E-37     BeF                           
                  + 8.6662E-39     ThF3                          
                  + 1.5112E-39     BaF                           
                  + 8.8345E-41     Li2I2                         
                  + 3.4685E-41     SrF                           
                  + 7.3992E-42     BaI2                          
                  + 1.5223E-43     SrI2                          
                  + 1.1335E-45     BeI2                          
                  + 5.1232E-52     CrF                           
                  + 7.7715E-54     PuF2                          
                  + 1.1072E-54     BaI                           
                  + 2.0298E-55     SrI                           
                  + 2.5484E-56     Rb2                           
                  + 1.4498E-56     CrI3                          
                  + 5.7612E-58     CrI2                          
                  + 5.2855E-61     Li3I3                         
                  + 2.6417E-61     ZrF2                          
                  + 1.9462E-61     CrI                           
                  + 1.9200E-63     CeI3                          
                  + 6.3746E-64     LaI3                          
                  + 3.0777E-64     NdI3                          
                  + 2.7057E-64     Be                            
                  + 3.6452E-66     Sr                            
                  + 1.2254E-66     ThF2                          
                  + 1.2105E-66     Cs2                           
                  + 1.5147E-67     Ba                            
                  + 2.3395E-69     Li2                           
                  + 5.0800E-72     Cr                            
                  + 6.5614E-87     UI4                           
                  + 4.5315E-87     ZrI4                          
                  + 2.9159E-89     ThI4                          
                  + 2.9378E-91     PuF                           
                  + 1.3237E-95     UI3                           
                  + 5.8090E-97     PuI3                          
                  + 7.3372E-99     ZrI3                          
                  + 7.4013-100     Be2I4                         
                  + 8.9415-102     UI2                           
                  + 6.6614-103     ThI3                          
                  + 5.5599-107     ZrF                           
                  + 4.3222-109     PuF4                          
                  + 3.4845-110     Nd                            
                  + 4.7726-112     ZrI2                          
                  + 1.1693-115     Ce                            
                  + 1.4766-116     Pu                            
                  + 1.1057-116     ThI2                          
                  + 1.0965-116     La                            
                  + 2.4457-127     ZrI                           
                  + 4.3224-131     U                             
                  + 4.8667-132     ThI                           
                  + 2.6998-135     Zr                            
                  + 3.8591-143     Be2                           
                  + 2.7728-145     Th                            
                  + 9.1714-146     Sr2                           
                  + 1.8677-148     Ba2                           
                  + 5.2675-199     La2                           
                  + 5.2675-199     Ce2     }                     

 + 9.2389E-06 mol R3c         
                  { 1.00000        CrF3                          
                  + 5.9234E-19     CrF2}                         

 + 7.1401E-06 mol P3c1        
                  { 0.44346        CeF3                          
                  + 0.30773        NdF3                          
                  + 0.22489        LaF3                          
                  + 2.3739E-02     ThF4                          
                  + 1.7714E-04     UF4                           
                  + 4.6463E-11     PuF3                          
                  + 3.9357E-21     UF3 }                         

 + 1.0779E-06 mol cphsoln     
                  { 0.69833        Ru                            
                  + 0.30101        Mo                            
                  + 6.6102E-04     Tc}                           

 + 2.6573E-07 mol bccsoln     
                  { 0.98827        Mo                            
                  + 9.1655E-03     Ru                            
                  + 2.5645E-03     Tc}                           

 + 5.5005E-09 mol FM3M        
                  { 0.99998        RbF                           
                  + 1.0780E-05     LiF                           
                  + 6.2706E-06     CsF                           
                  + 1.1478E-16     RbI                           
                  + 3.9797E-17     CsI                           
                  + 1.3512E-23     LiI}                          

    + 0.11654 mol Li2BeF4_S1(s)  

 + 3.9266E-03 mol BeF2_L1(liq)   

 + 5.4495E-06 mol Li3ZrF7_S2(s2) 

 + 8.2158E-07 mol SrF2_FM3M_No.22

 + 7.7124E-07 mol BaF2_FM3M_No.22

 + 7.8395E-08 mol CsBe2F5_S2(s2) 

 ===========================================================
 |                    System properties                    |
 ===========================================================

  Temperature =     900.00 [K]
  Pressure    =     1.0000 [atm]

  System Component | Mass [mol] | Chemical potential [J/mol]
 ------------------|------------|---------------------------
      Pu           | 2.8353E-06 |  -1.619860E+06
      U            | 5.6360E-03 |  -1.716034E+06
      Th           | 2.5688E-02 |  -1.878987E+06
      Nd           | 2.1972E-06 |  -1.538294E+06
      Ce           | 3.1663E-06 |  -1.544371E+06
      La           | 1.6058E-06 |  -1.547875E+06
      Ba           | 7.7124E-07 |  -1.127604E+06
      Cs           | 7.8670E-08 |  -6.498177E+05
      I            | 4.9109E-07 |  -1.099661E+05
      Ru           | 7.5518E-07 |  -4.787417E+04
      Tc           | 1.3940E-09 |  -7.502798E+04
      Mo           | 5.8707E-07 |  -3.845849E+04
      Zr           | 5.4502E-06 |  -1.679349E+06
      Sr           | 8.2158E-07 |  -1.122494E+06
      Rb           | 5.6181E-09 |  -5.517440E+05
      Kr           | 1.4615E-09 |  -2.266144E+05
      Cr           | 9.2389E-06 |  -9.813060E+05
      Ne           | 1.0053E-07 |  -1.789725E+05
      F            | 6.0726E-01 |  -9.911148E+04
      Be           | 1.2046E-01 |  -9.020897E+05
      Li           | 2.4092E-01 |  -5.792135E+05
      He           | 1.9506E-06 |  -1.386236E+05

  Integral Gibbs energy = -3.66375E+05 [J]

 ===========================================================


 DEBUG: Successful exit.


STDERR:
