STDOUT:
 WARNING: Element Cl  not in database and therefore omitted from calculation

 ===========================================================
 |                  THERMOCHIMICA RESULTS                  |
 ===========================================================

   6.3909E-03 mol SSacsoln    
                  { 0.65121        Th4F17Li                      
                  + 0.34879        U4F17Li }                     

       ------------------------------------------------
       Sublattice 1; stoichiometric coefficient:  1.000
                  { Li         1.0000     }

       Sublattice 2; stoichiometric coefficient:  4.000
                  { Th         0.65121     
                  + U          0.34879    }

       Sublattice 3; stoichiometric coefficient: 17.000
                  { F          1.0000     }
       ------------------------------------------------

 + 2.0580E-03 mol gas_ideal   
                  { 0.79346        F2                            
                  + 8.9267E-02     He                            
                  + 8.3278E-02     PuF6                          
                  + 2.8871E-02     F                             
                  + 3.7268E-03     I2                            
                  + 1.2055E-03     I                             
                  + 8.9887E-05     Kr                            
                  + 3.1120E-05     ZrF4                          
                  + 2.6637E-05     Ne                            
                  + 2.3692E-05     BeF2                          
                  + 1.0958E-05     CsBeF3                        
                  + 4.7810E-06     RbF                           
                  + 2.3794E-06     LiBeF3                        
                  + 2.3394E-06     CsZrF5                        
                  + 1.1760E-06     CsZr2F9                       
                  + 7.0752E-07     Rb2F2                         
                  + 4.4121E-08     Li2BeF4                       
                  + 1.3011E-08     Be2F4                         
                  + 1.0720E-08     CsUF5                         
                  + 9.4298E-09     UF4                           
                  + 8.7200E-09     Li2ZrF6                       
                  + 5.6902E-09     LiF                           
                  + 3.8566E-09     NiF2                          
                  + 3.5174E-09     LiZr2F9                       
                  + 2.1839E-09     Cs2Be2F6                      
                  + 2.0997E-09     CsF                           
                  + 5.9007E-10     Li2F2                         
                  + 2.4973E-10     LiUF5                         
                  + 8.8034E-11     ThF4                          
                  + 8.0317E-11     CrF3                          
                  + 9.1614E-12     Cs2ZrF6                       
                  + 5.8866E-12     Li3F3                         
                  + 5.0441E-14     BaF2                          
                  + 5.3228E-15     NdF3                          
                  + 4.9249E-15     CeF3                          
                  + 1.9253E-15     Cs2F2                         
                  + 4.3630E-16     LaF3                          
                  + 2.0073E-16     SrF2                          
                  + 1.7875E-16     RbI                           
                  + 6.4184E-21     CsI                           
                  + 6.1635E-23     LiI                           
                  + 3.0031E-25     PuF3                          
                  + 4.0627E-28     Rb                            
                  + 2.4426E-29     Rb2I2                         
                  + 6.2424E-30     CrF2                          
                  + 2.7003E-31     NiF                           
                  + 2.8809E-33     Cs                            
                  + 1.2109E-33     ZrF3                          
                  + 6.7814E-34     NiI2                          
                  + 6.8832E-36     UF3                           
                  + 6.7400E-36     Li                            
                  + 1.5467E-37     BeF                           
                  + 7.8290E-38     Cs2I2                         
                  + 8.3935E-39     NiI                           
                  + 6.6656E-39     ThF3                          
                  + 1.4207E-39     BaF                           
                  + 3.2609E-41     SrF                           
                  + 2.4538E-41     Li2I2                         
                  + 2.0552E-42     BaI2                          
                  + 4.2284E-44     SrI2                          
                  + 3.1485E-46     BeI2                          
                  + 9.2973E-48     Ni                            
                  + 4.5281E-52     CrF                           
                  + 3.3852E-54     PuF2                          
                  + 5.4862E-55     BaI                           
                  + 1.0057E-55     SrI                           
                  + 2.2520E-56     Rb2                           
                  + 2.1231E-57     CrI3                          
                  + 1.5044E-58     CrI2                          
                  + 2.3348E-61     ZrF2                          
                  + 9.0657E-62     CrI                           
                  + 7.7399E-62     Li3I3                         
                  + 2.3914E-64     Be                            
                  + 2.3318E-64     CeI3                          
                  + 6.9049E-65     NdI3                          
                  + 5.6171E-65     LaI3                          
                  + 3.2218E-66     Sr                            
                  + 1.0699E-66     Cs2                           
                  + 8.8612E-67     ThF2                          
                  + 1.3387E-67     Ba                            
                  + 2.0678E-69     Li2                           
                  + 4.2211E-72     Cr                            
                  + 6.3043E-80     ZrI4                          
                  + 4.1927E-82     UI4                           
                  + 2.2710E-84     ThI4                          
                  + 4.0109E-86     PuF                           
                  + 1.6984E-90     UI3                           
                  + 3.6959E-91     ZrI3                          
                  + 2.8787E-92     PuI3                          
                  + 2.8853E-95     Be2I4                         
                  + 1.9171E-96     UI2                           
                  + 1.0156E-97     ThI3                          
                  + 5.6716-102     ZrF                           
                  + 1.0784-103     PuF4                          
                  + 4.9366-104     ZrI2                          
                  + 8.0506-105     Nd                            
                  + 2.7225-110     Ce                            
                  + 3.3822-111     ThI2                          
                  + 2.5576-111     La                            
                  + 2.4538-111     Pu                            
                  + 4.7594-119     ZrI                           
                  + 2.5552-125     U                             
                  + 3.0963-126     ThI                           
                  + 2.6183-130     Zr                            
                  + 6.2921-138     Be2                           
                  + 1.7312-139     Th                            
                  + 1.4965-140     Sr2                           
                  + 3.2212-143     Ba2                           
                  + 4.8590-201     La2                           
                  + 4.8590-201     Ce2     }                     

 + 7.7716E-04 mol P3c1        
                  { 0.49783        NdF3                          
                  + 0.34852        CeF3                          
                  + 0.14289        LaF3                          
                  + 1.0424E-02     ThF4                          
                  + 3.3370E-04     UF4                           
                  + 2.1190E-11     PuF3                          
                  + 6.9732E-21     UF3 }                         

 + 6.3447E-05 mol cphsoln     
                  { 0.69855        Ru                            
                  + 0.30142        Mo                            
                  + 2.8107E-05     Pd                            
                  + 6.9357E-06     Tc}                           

 + 2.4437E-05 mol R3c         
                  { 1.00000        CrF3                          
                  + 5.5688E-19     CrF2}                         

 + 2.3515E-05 mol bccsoln     
                  { 0.99088        Mo                            
                  + 9.0890E-03     Ru                            
                  + 2.6636E-05     Tc                            
                  + 2.6916E-08     Pd}                           

 + 1.0655E-06 mol FM3M        
                  { 0.99988        RbF                           
                  + 1.0012E-04     Li2NiF4                       
                  + 1.0798E-05     LiF                           
                  + 6.2708E-06     CsF                           
                  + 6.0587E-17     RbI                           
                  + 2.0988E-17     CsI                           
                  + 7.1332E-24     LiI    }                      

    + 0.11884 mol Li2BeF4_S1(s)  

 + 4.2031E-03 mol BeF2_L1(liq)   

 + 5.9629E-04 mol Li3ZrF7_S2(s2) 

 + 7.2948E-05 mol SrF2_FM3M_No.22

 + 2.0925E-05 mol BaF2_FM3M_No.22

 + 4.4430E-08 mol CsBe2F5_S2(s2) 

 + 2.9309E-09 mol NiF2_P42/mnm_No

 ===========================================================
 |                    System properties                    |
 ===========================================================

  Temperature =     900.00 [K]
  Pressure    =     1.0000 [atm]

  System Component | Mass [mol] | Chemical potential [J/mol]
 ------------------|------------|---------------------------
      Pu           | 1.7139E-04 |  -1.627003E+06
      U            | 8.9165E-03 |  -1.713550E+06
      Th           | 1.6655E-02 |  -1.882337E+06
      Nd           | 3.8689E-04 |  -1.536487E+06
      Ce           | 2.7085E-04 |  -1.547157E+06
      La           | 1.1105E-04 |  -1.553062E+06
      Ba           | 2.0925E-05 |  -1.128528E+06
      Cs           | 7.4258E-08 |  -6.502796E+05
      I            | 1.7820E-05 |  -1.142971E+05
      Pd           | 1.7839E-09 |  -1.926750E+05
      Ru           | 4.4534E-05 |  -4.787570E+04
      Tc           | 1.0664E-09 |  -1.091150E+05
      Mo           | 4.2425E-05 |  -3.843940E+04
      Zr           | 5.9636E-04 |  -1.681197E+06
      Sr           | 7.2948E-05 |  -1.123418E+06
      Rb           | 1.0781E-06 |  -5.522067E+05
      Kr           | 1.8499E-07 |  -2.254549E+05
      Ni           | 3.0455E-09 |  -5.532780E+05
      Cr           | 2.4437E-05 |  -9.826918E+05
      Ne           | 5.4819E-08 |  -2.185748E+05
      F            | 6.0355E-01 |  -9.864954E+04
      Be           | 1.2305E-01 |  -9.030136E+05
      Li           | 2.4586E-01 |  -5.796755E+05
      He           | 1.8371E-04 |  -1.396761E+05

  Integral Gibbs energy = -3.62433E+05 [J]

 ===========================================================


 DEBUG: Successful exit.


STDERR:
