
 ===========================================================
 |                  THERMOCHIMICA RESULTS                  |
 ===========================================================

      0.79980 mol P3c1           
                  { 1.00000        UF3                           
                  + 2.8549E-11     UF4}                          

     + 2.9970 mol Li2BeF4_S1(s)  

    + 0.20020 mol U_S1(s)        

 + 9.0000E-03 mol BeF2_Solid_I_Hi

 ===========================================================
 |                    System properties                    |
 ===========================================================

  Temperature =     600.00 [K]
  Pressure    =     1.0000 [atm]

  System Component | Mass [mol] | Chemical potential [J/mol]
 ------------------|------------|---------------------------
      U            | 1.0000E+00 |  -3.364754E+04
      F            | 1.4405E+01 |  -5.209407E+05
      Be           | 3.0060E+00 |  -2.410489E+04
      Li           | 5.9940E+00 |  -1.316988E+05

  Integral Gibbs energy = -8.39987E+06 [J]
  Functional norm       =  7.88713E-13 [unitless]

  # of stable pure condensed phases =   3
  # of stable solution phases       =   1

 ===========================================================


 DEBUG: Successful exit.


 ===========================================================
 |                  THERMOCHIMICA RESULTS                  |
 ===========================================================

      0.79936 mol P3c1           
                  { 1.00000        UF3                           
                  + 1.8017E-10     UF4}                          

 + 4.5846E-02 mol MSFL        
    Cation fractions:
                  { 0.63411        Li[1+]                        
                  + 2.0457E-02     Be[CN=IV                      
                  + 8.3492E-18     U[Dimer]                      
                  + 1.7641E-02     U[3+]                         
                  + 0.32779        Be[Dimer                      
                  + 6.6248E-11     U[CN=VI]                      
                  + 1.8237E-11     U[CN=VII }                    
    Anion fractions:
                  { 1.00000        F        }                    

    2.5071E-02 Moles of pairs
    Pair fractions:
                  { 0.63411        LiF                           
                  + 2.0457E-02     Be[CN=IV]F2                   
                  + 8.3492E-18     U[Dimer]F8                    
                  + 1.7641E-02     UF3                           
                  + 0.32779        Be[Dimer]F4                   
                  + 1.8237E-11     U[CN=VII]F4                   
                  + 6.6248E-11     U[CN=VI]F4  }                 

    Quadruplet fractions:
                  { 6.4244E-02     Li[1+]-Li[1+]-F-F             
                  + 9.5662E-06     Be[CN=IV-Be[CN=IV-F-F         
                  + 8.1659E-35     U[Dimer]-U[Dimer]-F-F         
                  + 1.6965E-03     U[3+]-U[3+]-F-F               
                  + 0.21254        Be[Dimer-Be[Dimer-F-F         
                  + 5.7844E-23     U[CN=VI]-U[CN=VI]-F-F         
                  + 6.7388E-24     U[CN=VII-U[CN=VII-F-F         
                  + 6.3145E-02     Li[1+]-Be[CN=IV-F-F           
                  + 1.5827E-17     Li[1+]-U[Dimer]-F-F           
                  + 1.2480E-18     Be[CN=IV-U[Dimer]-F-F         
                  + 7.6031E-03     Li[1+]-U[3+]-F-F              
                  + 3.1246E-04     Be[CN=IV-U[3+]-F-F            
                  + 2.2318E-18     U[Dimer]-U[3+]-F-F            
                  + 0.60102        Li[1+]-Be[Dimer-F-F           
                  + 2.8518E-03     Be[CN=IV-Be[Dimer-F-F         
                  + 8.0881E-18     U[Dimer]-Be[Dimer-F-F         
                  + 4.6575E-02     U[3+]-Be[Dimer-F-F            
                  + 2.0470E-10     Li[1+]-U[CN=VI]-F-F           
                  + 5.8088E-14     Be[CN=IV-U[CN=VI]-F-F         
                  + 1.3745E-28     U[Dimer]-U[CN=VI]-F-F         
                  + 3.9591E-12     U[3+]-U[CN=VI]-F-F            
                  + 8.6585E-12     Be[Dimer-U[CN=VI]-F-F         
                  + 3.3653E-11     Li[1+]-U[CN=VII-F-F           
                  + 1.9827E-14     Be[CN=IV-U[CN=VII-F-F         
                  + 4.6916E-29     U[Dimer]-U[CN=VII-F-F         
                  + 1.3513E-12     U[3+]-U[CN=VII-F-F            
                  + 2.4816E-11     Be[Dimer-U[CN=VII-F-F         
                  + 3.9487E-23     U[CN=VI]-U[CN=VII-F-F}        

     + 2.9891 mol Li2BeF4_S1(s)  

    + 0.20020 mol U_S1(s)        

 ===========================================================
 |                    System properties                    |
 ===========================================================

  Temperature =     650.00 [K]
  Pressure    =     1.0000 [atm]

  System Component | Mass [mol] | Chemical potential [J/mol]
 ------------------|------------|---------------------------
      U            | 1.0000E+00 |  -3.730088E+04
      F            | 1.4405E+01 |  -5.230786E+05
      Be           | 3.0060E+00 |  -2.610877E+04
      Li           | 5.9940E+00 |  -1.326616E+05

  Integral Gibbs energy = -8.44611E+06 [J]
  Functional norm       =  3.32566E-07 [unitless]

  # of stable pure condensed phases =   2
  # of stable solution phases       =   2

 ===========================================================


 DEBUG: Successful exit.


 ===========================================================
 |                  THERMOCHIMICA RESULTS                  |
 ===========================================================

      0.79963 mol P3c1           
                  { 1.00000        UF3                           
                  + 8.7373E-10     UF4}                          

 + 9.1159E-02 mol MSFL        
    Cation fractions:
                  { 0.70911        Li[1+]                        
                  + 4.6370E-02     Be[CN=IV                      
                  + 2.4114E-16     U[Dimer]                      
                  + 3.2758E-03     U[3+]                         
                  + 0.24124        Be[Dimer                      
                  + 1.9171E-09     U[CN=VI]                      
                  + 2.1929E-10     U[CN=VII }                    
    Anion fractions:
                  { 1.00000        F        }                    

    5.1636E-02 Moles of pairs
    Pair fractions:
                  { 0.70911        LiF                           
                  + 4.6370E-02     Be[CN=IV]F2                   
                  + 2.4114E-16     U[Dimer]F8                    
                  + 3.2758E-03     UF3                           
                  + 0.24124        Be[Dimer]F4                   
                  + 2.1929E-10     U[CN=VII]F4                   
                  + 1.9171E-09     U[CN=VI]F4  }                 

    Quadruplet fractions:
                  { 0.11893        Li[1+]-Li[1+]-F-F             
                  + 4.9104E-05     Be[CN=IV-Be[CN=IV-F-F         
                  + 6.5012E-32     U[Dimer]-U[Dimer]-F-F         
                  + 1.1218E-04     U[3+]-U[3+]-F-F               
                  + 9.4530E-02     Be[Dimer-Be[Dimer-F-F         
                  + 4.3776E-20     U[CN=VI]-U[CN=VI]-F-F         
                  + 1.1799E-21     U[CN=VII-U[CN=VII-F-F         
                  + 0.15188        Li[1+]-Be[CN=IV-F-F           
                  + 6.2092E-16     Li[1+]-U[Dimer]-F-F           
                  + 3.8443E-17     Be[CN=IV-U[Dimer]-F-F         
                  + 3.5112E-03     Li[1+]-U[3+]-F-F              
                  + 1.6485E-04     Be[CN=IV-U[3+]-F-F            
                  + 2.0726E-17     U[Dimer]-U[3+]-F-F            
                  + 0.61929        Li[1+]-Be[Dimer-F-F           
                  + 4.3090E-03     Be[CN=IV-Be[Dimer-F-F         
                  + 1.3947E-16     U[Dimer]-Be[Dimer-F-F         
                  + 7.2328E-03     U[3+]-Be[Dimer-F-F            
                  + 6.3445E-09     Li[1+]-U[CN=VI]-F-F           
                  + 3.2612E-12     Be[CN=IV-U[CN=VI]-F-F         
                  + 1.0670E-25     U[Dimer]-U[CN=VI]-F-F         
                  + 2.4669E-11     U[3+]-U[CN=VI]-F-F            
                  + 1.4309E-10     Be[Dimer-U[CN=VI]-F-F         
                  + 5.7124E-10     Li[1+]-U[CN=VII-F-F           
                  + 5.3540E-13     Be[CN=IV-U[CN=VII-F-F         
                  + 1.7517E-26     U[Dimer]-U[CN=VII-F-F         
                  + 4.0501E-12     U[3+]-U[CN=VII-F-F            
                  + 1.6945E-10     Be[Dimer-U[CN=VII-F-F         
                  + 1.4374E-20     U[CN=VI]-U[CN=VII-F-F}        

     + 2.9787 mol Li2BeF4_S1(s)  

    + 0.20020 mol U_S1(s)        

 ===========================================================
 |                    System properties                    |
 ===========================================================

  Temperature =     700.00 [K]
  Pressure    =     1.0000 [atm]

  System Component | Mass [mol] | Chemical potential [J/mol]
 ------------------|------------|---------------------------
      U            | 1.0000E+00 |  -4.109405E+04
      F            | 1.4405E+01 |  -5.253040E+05
      Be           | 3.0060E+00 |  -3.236654E+04
      Li           | 5.9940E+00 |  -1.316839E+05

  Integral Gibbs energy = -8.49492E+06 [J]
  Functional norm       =  2.28240E-07 [unitless]

  # of stable pure condensed phases =   2
  # of stable solution phases       =   2

 ===========================================================


 DEBUG: Successful exit.


 ===========================================================
 |                  THERMOCHIMICA RESULTS                  |
 ===========================================================

       15.257 mol MSFL           
    Cation fractions:
                  { 0.75249        Li[1+]                        
                  + 0.11441        Be[CN=IV                      
                  + 1.0829E-14     U[Dimer]                      
                  + 1.6216E-03     U[3+]                         
                  + 0.13148        Be[Dimer                      
                  + 9.9414E-08     U[CN=VI]                      
                  + 1.1171E-08     U[CN=VII }                    
    Anion fractions:
                  { 1.00000        F        }                    

       7.96558 Moles of pairs
    Pair fractions:
                  { 0.75249        LiF                           
                  + 0.11441        Be[CN=IV]F2                   
                  + 1.0829E-14     U[Dimer]F8                    
                  + 1.6216E-03     UF3                           
                  + 0.13148        Be[Dimer]F4                   
                  + 1.1171E-08     U[CN=VII]F4                   
                  + 9.9414E-08     U[CN=VI]F4  }                 

    Quadruplet fractions:
                  { 0.24112        Li[1+]-Li[1+]-F-F             
                  + 1.5119E-04     Be[CN=IV-Be[CN=IV-F-F         
                  + 7.4742E-29     U[Dimer]-U[Dimer]-F-F         
                  + 3.0417E-05     U[3+]-U[3+]-F-F               
                  + 1.1542E-02     Be[Dimer-Be[Dimer-F-F         
                  + 6.1660E-17     U[CN=VI]-U[CN=VI]-F-F         
                  + 1.6134E-18     U[CN=VII-U[CN=VII-F-F         
                  + 0.35454        Li[1+]-Be[CN=IV-F-F           
                  + 3.1119E-14     Li[1+]-U[Dimer]-F-F           
                  + 8.7586E-16     Be[CN=IV-U[Dimer]-F-F         
                  + 3.6812E-03     Li[1+]-U[3+]-F-F              
                  + 1.3737E-04     Be[CN=IV-U[3+]-F-F            
                  + 3.9918E-16     U[Dimer]-U[3+]-F-F            
                  + 0.38496        Li[1+]-Be[Dimer-F-F           
                  + 2.6420E-03     Be[CN=IV-Be[Dimer-F-F         
                  + 1.5283E-15     U[Dimer]-Be[Dimer-F-F         
                  + 1.2003E-03     U[3+]-Be[Dimer-F-F            
                  + 3.0909E-07     Li[1+]-U[CN=VI]-F-F           
                  + 1.9570E-10     Be[CN=IV-U[CN=VI]-F-F         
                  + 1.3577E-22     U[Dimer]-U[CN=VI]-F-F         
                  + 4.3032E-10     U[3+]-U[CN=VI]-F-F            
                  + 1.7099E-09     Be[Dimer-U[CN=VI]-F-F         
                  + 3.3144E-08     Li[1+]-U[CN=VII-F-F           
                  + 3.1656E-11     Be[CN=IV-U[CN=VII-F-F         
                  + 2.1963E-23     U[Dimer]-U[CN=VII-F-F         
                  + 6.9608E-11     U[3+]-U[CN=VII-F-F            
                  + 1.7489E-09     Be[Dimer-U[CN=VII-F-F         
                  + 1.9948E-17     U[CN=VI]-U[CN=VII-F-F}        

    + 0.78688 mol P3c1           
                  { 1.00000        UF3                           
                  + 3.4344E-09     UF4}                          

    + 0.20020 mol U_S1(s)        

 ===========================================================
 |                    System properties                    |
 ===========================================================

  Temperature =     750.00 [K]
  Pressure    =     1.0000 [atm]

  System Component | Mass [mol] | Chemical potential [J/mol]
 ------------------|------------|---------------------------
      U            | 1.0000E+00 |  -4.502310E+04
      F            | 1.4405E+01 |  -5.276091E+05
      Be           | 3.0060E+00 |  -4.447547E+04
      Li           | 5.9940E+00 |  -1.285094E+05

  Integral Gibbs energy = -8.54942E+06 [J]
  Functional norm       =  5.06965E-08 [unitless]

  # of stable pure condensed phases =   1
  # of stable solution phases       =   2

 ===========================================================


 DEBUG: Successful exit.


 ===========================================================
 |                  THERMOCHIMICA RESULTS                  |
 ===========================================================

       15.151 mol MSFL           
    Cation fractions:
                  { 0.75661        Li[1+]                        
                  + 0.10264        Be[CN=IV                      
                  + 9.7488E-14     U[Dimer]                      
                  + 2.3479E-03     U[3+]                         
                  + 0.13840        Be[Dimer                      
                  + 2.8187E-07     U[CN=VI]                      
                  + 3.8768E-08     U[CN=VII }                    
    Anion fractions:
                  { 1.00000        F        }                    

       7.92217 Moles of pairs
    Pair fractions:
                  { 0.75661        LiF                           
                  + 0.10264        Be[CN=IV]F2                   
                  + 9.7488E-14     U[Dimer]F8                    
                  + 2.3479E-03     UF3                           
                  + 0.13840        Be[Dimer]F4                   
                  + 3.8768E-08     U[CN=VII]F4                   
                  + 2.8187E-07     U[CN=VI]F4  }                 

    Quadruplet fractions:
                  { 0.25514        Li[1+]-Li[1+]-F-F             
                  + 1.7700E-04     Be[CN=IV-Be[CN=IV-F-F         
                  + 6.5936E-27     U[Dimer]-U[Dimer]-F-F         
                  + 5.8407E-05     U[3+]-U[3+]-F-F               
                  + 1.2690E-02     Be[Dimer-Be[Dimer-F-F         
                  + 7.3365E-16     U[CN=VI]-U[CN=VI]-F-F         
                  + 2.6887E-17     U[CN=VII-U[CN=VII-F-F         
                  + 0.31758        Li[1+]-Be[CN=IV-F-F           
                  + 2.7794E-13     Li[1+]-U[Dimer]-F-F           
                  + 8.1087E-15     Be[CN=IV-U[Dimer]-F-F         
                  + 5.3265E-03     Li[1+]-U[3+]-F-F              
                  + 2.0312E-04     Be[CN=IV-U[3+]-F-F            
                  + 4.7649E-15     U[Dimer]-U[3+]-F-F            
                  + 0.40411        Li[1+]-Be[Dimer-F-F           
                  + 2.9973E-03     Be[CN=IV-Be[Dimer-F-F         
                  + 1.5037E-14     U[Dimer]-Be[Dimer-F-F         
                  + 1.7198E-03     U[3+]-Be[Dimer-F-F            
                  + 8.7563E-07     Li[1+]-U[CN=VI]-F-F           
                  + 7.2027E-10     Be[CN=IV-U[CN=VI]-F-F         
                  + 4.3988E-21     U[Dimer]-U[CN=VI]-F-F         
                  + 1.8608E-09     U[3+]-U[CN=VI]-F-F            
                  + 6.0987E-09     Be[Dimer-U[CN=VI]-F-F         
                  + 1.1456E-07     Li[1+]-U[CN=VII-F-F           
                  + 1.3789E-10     Be[CN=IV-U[CN=VII-F-F         
                  + 8.4210E-22     U[Dimer]-U[CN=VII-F-F         
                  + 3.5622E-10     U[3+]-U[CN=VII-F-F            
                  + 6.5784E-09     Be[Dimer-U[CN=VII-F-F         
                  + 2.8090E-16     U[CN=VI]-U[CN=VII-F-F}        

    + 0.78120 mol P3c1           
                  { 1.00000        UF3                           
                  + 1.1389E-08     UF4}                          

    + 0.20020 mol U_S1(s)        

 ===========================================================
 |                    System properties                    |
 ===========================================================

  Temperature =     800.00 [K]
  Pressure    =     1.0000 [atm]

  System Component | Mass [mol] | Chemical potential [J/mol]
 ------------------|------------|---------------------------
      U            | 1.0000E+00 |  -4.908504E+04
      F            | 1.4405E+01 |  -5.299868E+05
      Be           | 3.0060E+00 |  -4.718819E+04
      Li           | 5.9940E+00 |  -1.312546E+05

  Integral Gibbs energy = -8.61235E+06 [J]
  Functional norm       =  8.88407E-08 [unitless]

  # of stable pure condensed phases =   1
  # of stable solution phases       =   2

 ===========================================================


 DEBUG: Successful exit.


 ===========================================================
 |                  THERMOCHIMICA RESULTS                  |
 ===========================================================

       15.067 mol MSFL           
    Cation fractions:
                  { 0.75990        Li[1+]                        
                  + 9.2634E-02     Be[CN=IV                      
                  + 6.9868E-13     U[Dimer]                      
                  + 3.2355E-03     U[3+]                         
                  + 0.14423        Be[Dimer                      
                  + 7.1091E-07     U[CN=VI]                      
                  + 1.1611E-07     U[CN=VII }                    
    Anion fractions:
                  { 1.00000        F        }                    

       7.88787 Moles of pairs
    Pair fractions:
                  { 0.75990        LiF                           
                  + 9.2634E-02     Be[CN=IV]F2                   
                  + 6.9868E-13     U[Dimer]F8                    
                  + 3.2355E-03     UF3                           
                  + 0.14423        Be[Dimer]F4                   
                  + 1.1611E-07     U[CN=VII]F4                   
                  + 7.1091E-07     U[CN=VI]F4  }                 

    Quadruplet fractions:
                  { 0.26689        Li[1+]-Li[1+]-F-F             
                  + 2.0209E-04     Be[CN=IV-Be[CN=IV-F-F         
                  + 3.6606E-25     U[Dimer]-U[Dimer]-F-F         
                  + 1.0323E-04     U[3+]-U[3+]-F-F               
                  + 1.3790E-02     Be[Dimer-Be[Dimer-F-F         
                  + 6.6290E-15     U[CN=VI]-U[CN=VI]-F-F         
                  + 3.2351E-16     U[CN=VII-U[CN=VII-F-F         
                  + 0.28594        Li[1+]-Be[CN=IV-F-F           
                  + 1.9746E-12     Li[1+]-U[Dimer]-F-F           
                  + 5.9611E-14     Be[CN=IV-U[Dimer]-F-F         
                  + 7.3203E-03     Li[1+]-U[3+]-F-F              
                  + 2.8470E-04     Be[CN=IV-U[3+]-F-F            
                  + 4.3871E-14     U[Dimer]-U[3+]-F-F            
                  + 0.41977        Li[1+]-Be[Dimer-F-F           
                  + 3.3387E-03     Be[CN=IV-Be[Dimer-F-F         
                  + 1.1656E-13     U[Dimer]-Be[Dimer-F-F         
                  + 2.3517E-03     U[3+]-Be[Dimer-F-F            
                  + 2.2051E-06     Li[1+]-U[CN=VI]-F-F           
                  + 2.2824E-09     Be[CN=IV-U[CN=VI]-F-F         
                  + 9.8522E-20     U[Dimer]-U[CN=VI]-F-F         
                  + 6.8075E-09     U[3+]-U[CN=VI]-F-F            
                  + 1.8854E-08     Be[Dimer-U[CN=VI]-F-F         
                  + 3.4152E-07     Li[1+]-U[CN=VII-F-F           
                  + 5.0421E-10     Be[CN=IV-U[CN=VII-F-F         
                  + 2.1765E-20     U[Dimer]-U[CN=VII-F-F         
                  + 1.5039E-09     U[3+]-U[CN=VII-F-F            
                  + 2.1199E-08     Be[Dimer-U[CN=VII-F-F         
                  + 2.9289E-15     U[CN=VI]-U[CN=VII-F-F}        

    + 0.77427 mol P3c1           
                  { 1.00000        UF3                           
                  + 3.2853E-08     UF4}                          

    + 0.20020 mol U_S1(s)        

 ===========================================================
 |                    System properties                    |
 ===========================================================

  Temperature =     850.00 [K]
  Pressure    =     1.0000 [atm]

  System Component | Mass [mol] | Chemical potential [J/mol]
 ------------------|------------|---------------------------
      U            | 1.0000E+00 |  -5.327764E+04
      F            | 1.4405E+01 |  -5.324310E+05
      Be           | 3.0060E+00 |  -4.997399E+04
      Li           | 5.9940E+00 |  -1.341969E+05

  Integral Gibbs energy = -8.67776E+06 [J]
  Functional norm       =  1.11444E-07 [unitless]

  # of stable pure condensed phases =   1
  # of stable solution phases       =   2

 ===========================================================


 DEBUG: Successful exit.


 ===========================================================
 |                  THERMOCHIMICA RESULTS                  |
 ===========================================================

       15.001 mol MSFL           
    Cation fractions:
                  { 0.76247        Li[1+]                        
                  + 8.4098E-02     Be[CN=IV                      
                  + 4.1440E-12     U[Dimer]                      
                  + 4.2906E-03     U[3+]                         
                  + 0.14914        Be[Dimer                      
                  + 1.6296E-06     U[CN=VI]                      
                  + 3.0857E-07     U[CN=VII }                    
    Anion fractions:
                  { 1.00000        F        }                    

       7.86131 Moles of pairs
    Pair fractions:
                  { 0.76247        LiF                           
                  + 8.4098E-02     Be[CN=IV]F2                   
                  + 4.1440E-12     U[Dimer]F8                    
                  + 4.2906E-03     UF3                           
                  + 0.14914        Be[Dimer]F4                   
                  + 3.0857E-07     U[CN=VII]F4                   
                  + 1.6296E-06     U[CN=VI]F4  }                 

    Quadruplet fractions:
                  { 0.27663        Li[1+]-Li[1+]-F-F             
                  + 2.2609E-04     Be[CN=IV-Be[CN=IV-F-F         
                  + 1.3828E-23     U[Dimer]-U[Dimer]-F-F         
                  + 1.7104E-04     U[3+]-U[3+]-F-F               
                  + 1.4834E-02     Be[Dimer-Be[Dimer-F-F         
                  + 4.7764E-14     U[CN=VI]-U[CN=VI]-F-F         
                  + 2.9824E-15     U[CN=VII-U[CN=VII-F-F         
                  + 0.25881        Li[1+]-Be[CN=IV-F-F           
                  + 1.1601E-11     Li[1+]-U[Dimer]-F-F           
                  + 3.6168E-13     Be[CN=IV-U[Dimer]-F-F         
                  + 9.6660E-03     Li[1+]-U[3+]-F-F              
                  + 3.8271E-04     Be[CN=IV-U[3+]-F-F            
                  + 3.2602E-13     U[Dimer]-U[3+]-F-F            
                  + 0.43251        Li[1+]-Be[Dimer-F-F           
                  + 3.6627E-03     Be[CN=IV-Be[Dimer-F-F         
                  + 7.4104E-13     U[Dimer]-Be[Dimer-F-F         
                  + 3.1000E-03     U[3+]-Be[Dimer-F-F            
                  + 5.0439E-06     Li[1+]-U[CN=VI]-F-F           
                  + 6.3968E-09     Be[CN=IV-U[CN=VI]-F-F         
                  + 1.6254E-18     U[Dimer]-U[CN=VI]-F-F         
                  + 2.1747E-08     U[3+]-U[CN=VI]-F-F            
                  + 5.1815E-08     Be[Dimer-U[CN=VI]-F-F         
                  + 9.0301E-07     Li[1+]-U[CN=VII-F-F           
                  + 1.5985E-09     Be[CN=IV-U[CN=VII-F-F         
                  + 4.0616E-19     U[Dimer]-U[CN=VII-F-F         
                  + 5.4343E-09     U[3+]-U[CN=VII-F-F            
                  + 6.0204E-08     Be[Dimer-U[CN=VII-F-F         
                  + 2.3871E-14     U[CN=VI]-U[CN=VII-F-F}        

    + 0.76605 mol P3c1           
                  { 1.00000        UF3                           
                  + 8.4413E-08     UF4}                          

    + 0.20021 mol U_S1(s)        

 ===========================================================
 |                    System properties                    |
 ===========================================================

  Temperature =     900.00 [K]
  Pressure    =     1.0000 [atm]

  System Component | Mass [mol] | Chemical potential [J/mol]
 ------------------|------------|---------------------------
      U            | 1.0000E+00 |  -5.759932E+04
      F            | 1.4405E+01 |  -5.349359E+05
      Be           | 3.0060E+00 |  -5.284357E+04
      Li           | 5.9940E+00 |  -1.373196E+05

  Integral Gibbs energy = -8.74551E+06 [J]
  Functional norm       =  1.27395E-07 [unitless]

  # of stable pure condensed phases =   1
  # of stable solution phases       =   2

 ===========================================================


 DEBUG: Successful exit.


 ===========================================================
 |                  THERMOCHIMICA RESULTS                  |
 ===========================================================

       14.950 mol MSFL           
    Cation fractions:
                  { 0.76441        Li[1+]                        
                  + 7.6782E-02     Be[CN=IV                      
                  + 2.1013E-11     U[Dimer]                      
                  + 5.5208E-03     U[3+]                         
                  + 0.15328        Be[Dimer                      
                  + 3.4546E-06     U[CN=VI]                      
                  + 7.4388E-07     U[CN=VII }                    
    Anion fractions:
                  { 1.00000        F        }                    

       7.84136 Moles of pairs
    Pair fractions:
                  { 0.76441        LiF                           
                  + 7.6782E-02     Be[CN=IV]F2                   
                  + 2.1013E-11     U[Dimer]F8                    
                  + 5.5208E-03     UF3                           
                  + 0.15328        Be[Dimer]F4                   
                  + 7.4388E-07     U[CN=VII]F4                   
                  + 3.4546E-06     U[CN=VI]F4  }                 

    Quadruplet fractions:
                  { 0.28459        Li[1+]-Li[1+]-F-F             
                  + 2.4872E-04     Be[CN=IV-Be[CN=IV-F-F         
                  + 3.7946E-22     U[Dimer]-U[Dimer]-F-F         
                  + 2.6937E-04     U[3+]-U[3+]-F-F               
                  + 1.5819E-02     Be[Dimer-Be[Dimer-F-F         
                  + 2.8558E-13     U[CN=VI]-U[CN=VI]-F-F         
                  + 2.2092E-14     U[CN=VII-U[CN=VII-F-F         
                  + 0.23544        Li[1+]-Be[CN=IV-F-F           
                  + 5.8232E-11     Li[1+]-U[Dimer]-F-F           
                  + 1.8709E-12     Be[CN=IV-U[Dimer]-F-F         
                  + 1.2368E-02     Li[1+]-U[3+]-F-F              
                  + 4.9775E-04     Be[CN=IV-U[3+]-F-F            
                  + 2.0301E-12     U[Dimer]-U[3+]-F-F            
                  + 0.44282        Li[1+]-Be[Dimer-F-F           
                  + 3.9671E-03     Be[CN=IV-Be[Dimer-F-F         
                  + 3.9962E-12     U[Dimer]-Be[Dimer-F-F         
                  + 3.9696E-03     U[3+]-Be[Dimer-F-F            
                  + 1.0664E-05     Li[1+]-U[CN=VI]-F-F           
                  + 1.6206E-08     Be[CN=IV-U[CN=VI]-F-F         
                  + 2.0820E-17     U[Dimer]-U[CN=VI]-F-F         
                  + 6.2219E-08     U[3+]-U[CN=VI]-F-F            
                  + 1.2924E-07     Be[Dimer-U[CN=VI]-F-F         
                  + 2.1651E-06     Li[1+]-U[CN=VII-F-F           
                  + 4.5074E-09     Be[CN=IV-U[CN=VII-F-F         
                  + 5.7908E-18     U[Dimer]-U[CN=VII-F-F         
                  + 1.7305E-08     U[3+]-U[CN=VII-F-F            
                  + 1.5416E-07     Be[Dimer-U[CN=VII-F-F         
                  + 1.5886E-13     U[CN=VI]-U[CN=VII-F-F}        

    + 0.75647 mol P3c1           
                  { 1.00000        UF3                           
                  + 1.9704E-07     UF4}                          

    + 0.20021 mol U_S2(s2)       

 ===========================================================
 |                    System properties                    |
 ===========================================================

  Temperature =     950.00 [K]
  Pressure    =     1.0000 [atm]

  System Component | Mass [mol] | Chemical potential [J/mol]
 ------------------|------------|---------------------------
      U            | 1.0000E+00 |  -6.207258E+04
      F            | 1.4405E+01 |  -5.374883E+05
      Be           | 3.0060E+00 |  -5.582067E+04
      Li           | 5.9940E+00 |  -1.406174E+05

  Integral Gibbs energy = -8.81546E+06 [J]
  Functional norm       =  1.48670E-07 [unitless]

  # of stable pure condensed phases =   1
  # of stable solution phases       =   2

 ===========================================================


 DEBUG: Successful exit.


 ===========================================================
 |                  THERMOCHIMICA RESULTS                  |
 ===========================================================

       14.910 mol MSFL           
    Cation fractions:
                  { 0.76579        Li[1+]                        
                  + 7.0475E-02     Be[CN=IV                      
                  + 9.3985E-11     U[Dimer]                      
                  + 6.9365E-03     U[3+]                         
                  + 0.15679        Be[Dimer                      
                  + 6.8845E-06     U[CN=VI]                      
                  + 1.6594E-06     U[CN=VII }                    
    Anion fractions:
                  { 1.00000        F        }                    

       7.82717 Moles of pairs
    Pair fractions:
                  { 0.76579        LiF                           
                  + 7.0475E-02     Be[CN=IV]F2                   
                  + 9.3985E-11     U[Dimer]F8                    
                  + 6.9365E-03     UF3                           
                  + 0.15679        Be[Dimer]F4                   
                  + 1.6594E-06     U[CN=VII]F4                   
                  + 6.8845E-06     U[CN=VI]F4  }                 

    Quadruplet fractions:
                  { 0.29094        Li[1+]-Li[1+]-F-F             
                  + 2.6980E-04     Be[CN=IV-Be[CN=IV-F-F         
                  + 8.0562E-21     U[Dimer]-U[Dimer]-F-F         
                  + 4.0744E-04     U[3+]-U[3+]-F-F               
                  + 1.6743E-02     Be[Dimer-Be[Dimer-F-F         
                  + 1.4700E-12     U[CN=VI]-U[CN=VI]-F-F         
                  + 1.3722E-13     U[CN=VII-U[CN=VII-F-F         
                  + 0.21520        Li[1+]-Be[CN=IV-F-F           
                  + 2.5766E-10     Li[1+]-U[Dimer]-F-F           
                  + 8.5143E-12     Be[CN=IV-U[Dimer]-F-F         
                  + 1.5435E-02     Li[1+]-U[3+]-F-F              
                  + 6.3051E-04     Be[CN=IV-U[3+]-F-F            
                  + 1.0971E-11     U[Dimer]-U[3+]-F-F            
                  + 0.45113        Li[1+]-Be[Dimer-F-F           
                  + 4.2508E-03     Be[CN=IV-Be[Dimer-F-F         
                  + 1.8881E-11     U[Dimer]-Be[Dimer-F-F         
                  + 4.9669E-03     U[3+]-Be[Dimer-F-F            
                  + 2.1185E-05     Li[1+]-U[CN=VI]-F-F           
                  + 3.7854E-08     Be[CN=IV-U[CN=VI]-F-F         
                  + 2.1764E-16     U[Dimer]-U[CN=VI]-F-F         
                  + 1.6302E-07     U[3+]-U[CN=VI]-F-F            
                  + 2.9820E-07     Be[Dimer-U[CN=VI]-F-F         
                  + 4.8019E-06     Li[1+]-U[CN=VII-F-F           
                  + 1.1566E-08     Be[CN=IV-U[CN=VII-F-F         
                  + 6.6498E-17     U[Dimer]-U[CN=VII-F-F         
                  + 4.9809E-08     U[3+]-U[CN=VII-F-F            
                  + 3.6329E-07     Be[Dimer-U[CN=VII-F-F         
                  + 8.9825E-13     U[CN=VI]-U[CN=VII-F-F}        

    + 0.74542 mol P3c1           
                  { 1.00000        UF3                           
                  + 4.2559E-07     UF4}                          

    + 0.20022 mol U_S2(s2)       

 ===========================================================
 |                    System properties                    |
 ===========================================================

  Temperature =    1000.00 [K]
  Pressure    =     1.0000 [atm]

  System Component | Mass [mol] | Chemical potential [J/mol]
 ------------------|------------|---------------------------
      U            | 1.0000E+00 |  -6.678752E+04
      F            | 1.4405E+01 |  -5.400532E+05
      Be           | 3.0060E+00 |  -5.897173E+04
      Li           | 5.9940E+00 |  -1.441100E+05

  Integral Gibbs energy = -8.88753E+06 [J]
  Functional norm       =  1.72074E-07 [unitless]

  # of stable pure condensed phases =   1
  # of stable solution phases       =   2

 ===========================================================


 DEBUG: Successful exit.


 ===========================================================
 |                  THERMOCHIMICA RESULTS                  |
 ===========================================================

       14.880 mol MSFL           
    Cation fractions:
                  { 0.76669        Li[1+]                        
                  + 6.4999E-02     Be[CN=IV                      
                  + 3.7394E-10     U[Dimer]                      
                  + 8.5517E-03     U[3+]                         
                  + 0.15975        Be[Dimer                      
                  + 1.2957E-05     U[CN=VI]                      
                  + 3.4503E-06     U[CN=VII }                    
    Anion fractions:
                  { 1.00000        F        }                    

       7.81807 Moles of pairs
    Pair fractions:
                  { 0.76669        LiF                           
                  + 6.4999E-02     Be[CN=IV]F2                   
                  + 3.7394E-10     U[Dimer]F8                    
                  + 8.5517E-03     UF3                           
                  + 0.15975        Be[Dimer]F4                   
                  + 3.4503E-06     U[CN=VII]F4                   
                  + 1.2957E-05     U[CN=VI]F4  }                 

    Quadruplet fractions:
                  { 0.29587        Li[1+]-Li[1+]-F-F             
                  + 2.8923E-04     Be[CN=IV-Be[CN=IV-F-F         
                  + 1.3465E-19     U[Dimer]-U[Dimer]-F-F         
                  + 5.9677E-04     U[3+]-U[3+]-F-F               
                  + 1.7608E-02     Be[Dimer-Be[Dimer-F-F         
                  + 6.5963E-12     U[CN=VI]-U[CN=VI]-F-F         
                  + 7.2704E-13     U[CN=VII-U[CN=VII-F-F         
                  + 0.19756        Li[1+]-Be[CN=IV-F-F           
                  + 1.0135E-09     Li[1+]-U[Dimer]-F-F           
                  + 3.4382E-11     Be[CN=IV-U[Dimer]-F-F         
                  + 1.8881E-02     Li[1+]-U[3+]-F-F              
                  + 7.8191E-04     Be[CN=IV-U[3+]-F-F            
                  + 5.2050E-11     U[Dimer]-U[3+]-F-F            
                  + 0.45775        Li[1+]-Be[Dimer-F-F           
                  + 4.5134E-03     Be[CN=IV-Be[Dimer-F-F         
                  + 7.8887E-11     U[Dimer]-Be[Dimer-F-F         
                  + 6.1008E-03     U[3+]-Be[Dimer-F-F            
                  + 3.9727E-05     Li[1+]-U[CN=VI]-F-F           
                  + 8.2129E-08     Be[CN=IV-U[CN=VI]-F-F         
                  + 1.8848E-15     U[Dimer]-U[CN=VI]-F-F         
                  + 3.9487E-07     U[3+]-U[CN=VI]-F-F            
                  + 6.4080E-07     Be[Dimer-U[CN=VI]-F-F         
                  + 9.9240E-06     Li[1+]-U[CN=VII-F-F           
                  + 2.7266E-08     Be[CN=IV-U[CN=VII-F-F         
                  + 6.2576E-16     U[Dimer]-U[CN=VII-F-F         
                  + 1.3109E-07     U[3+]-U[CN=VII-F-F            
                  + 7.9421E-07     Be[Dimer-U[CN=VII-F-F         
                  + 4.3798E-12     U[CN=VI]-U[CN=VII-F-F}        

    + 0.73277 mol P3c1           
                  { 1.00000        UF3                           
                  + 8.5620E-07     UF4}                          

    + 0.20024 mol U_S3(s3)       

 ===========================================================
 |                    System properties                    |
 ===========================================================

  Temperature =    1050.00 [K]
  Pressure    =     1.0000 [atm]

  System Component | Mass [mol] | Chemical potential [J/mol]
 ------------------|------------|---------------------------
      U            | 1.0000E+00 |  -7.161435E+04
      F            | 1.4405E+01 |  -5.426695E+05
      Be           | 3.0060E+00 |  -6.221482E+04
      Li           | 5.9940E+00 |  -1.477461E+05

  Integral Gibbs energy = -8.96159E+06 [J]
  Functional norm       =  2.03059E-07 [unitless]

  # of stable pure condensed phases =   1
  # of stable solution phases       =   2

 ===========================================================


 DEBUG: Successful exit.


 ===========================================================
 |                  THERMOCHIMICA RESULTS                  |
 ===========================================================

       14.859 mol MSFL           
    Cation fractions:
                  { 0.76712        Li[1+]                        
                  + 6.0208E-02     Be[CN=IV                      
                  + 1.3658E-09     U[Dimer]                      
                  + 1.0385E-02     U[3+]                         
                  + 0.16225        Be[Dimer                      
                  + 2.3397E-05     U[CN=VI]                      
                  + 6.8088E-06     U[CN=VII }                    
    Anion fractions:
                  { 1.00000        F        }                    

       7.81361 Moles of pairs
    Pair fractions:
                  { 0.76712        LiF                           
                  + 6.0208E-02     Be[CN=IV]F2                   
                  + 1.3658E-09     U[Dimer]F8                    
                  + 1.0385E-02     UF3                           
                  + 0.16225        Be[Dimer]F4                   
                  + 6.8088E-06     U[CN=VII]F4                   
                  + 2.3397E-05     U[CN=VI]F4  }                 

    Quadruplet fractions:
                  { 0.29950        Li[1+]-Li[1+]-F-F             
                  + 3.0690E-04     Be[CN=IV-Be[CN=IV-F-F         
                  + 1.8872E-18     U[Dimer]-U[Dimer]-F-F         
                  + 8.5187E-04     U[3+]-U[3+]-F-F               
                  + 1.8416E-02     Be[Dimer-Be[Dimer-F-F         
                  + 2.6712E-11     U[CN=VI]-U[CN=VI]-F-F         
                  + 3.4136E-12     U[CN=VII-U[CN=VII-F-F         
                  + 0.18206        Li[1+]-Be[CN=IV-F-F           
                  + 3.6568E-09     Li[1+]-U[Dimer]-F-F           
                  + 1.2714E-10     Be[CN=IV-U[Dimer]-F-F         
                  + 2.2726E-02     Li[1+]-U[3+]-F-F              
                  + 9.5313E-04     Be[CN=IV-U[3+]-F-F            
                  + 2.2424E-10     U[Dimer]-U[3+]-F-F            
                  + 0.46295        Li[1+]-Be[Dimer-F-F           
                  + 4.7548E-03     Be[CN=IV-Be[Dimer-F-F         
                  + 3.0101E-10     U[Dimer]-Be[Dimer-F-F         
                  + 7.3833E-03     U[3+]-Be[Dimer-F-F            
                  + 7.1445E-05     Li[1+]-U[CN=VI]-F-F           
                  + 1.6852E-07     Be[CN=IV-U[CN=VI]-F-F         
                  + 1.4200E-14     U[Dimer]-U[CN=VI]-F-F         
                  + 9.0175E-07     U[3+]-U[CN=VI]-F-F            
                  + 1.3054E-06     Be[Dimer-U[CN=VI]-F-F         
                  + 1.9459E-05     Li[1+]-U[CN=VII-F-F           
                  + 6.0243E-08     Be[CN=IV-U[CN=VII-F-F         
                  + 5.0764E-15     U[Dimer]-U[CN=VII-F-F         
                  + 3.2236E-07     U[3+]-U[CN=VII-F-F            
                  + 1.6409E-06     Be[Dimer-U[CN=VII-F-F         
                  + 1.9098E-11     U[CN=VI]-U[CN=VII-F-F}        

    + 0.71834 mol P3c1           
                  { 1.00000        UF3                           
                  + 1.6327E-06     UF4}                          

    + 0.20028 mol U_S3(s3)       

 ===========================================================
 |                    System properties                    |
 ===========================================================

  Temperature =    1100.00 [K]
  Pressure    =     1.0000 [atm]

  System Component | Mass [mol] | Chemical potential [J/mol]
 ------------------|------------|---------------------------
      U            | 1.0000E+00 |  -7.675999E+04
      F            | 1.4405E+01 |  -5.452639E+05
      Be           | 3.0060E+00 |  -6.569090E+04
      Li           | 5.9940E+00 |  -1.515882E+05

  Integral Gibbs energy = -9.03759E+06 [J]
  Functional norm       =  2.22435E-07 [unitless]

  # of stable pure condensed phases =   1
  # of stable solution phases       =   2

 ===========================================================


 DEBUG: Successful exit.


 ===========================================================
 |                  THERMOCHIMICA RESULTS                  |
 ===========================================================

       14.845 mol MSFL           
    Cation fractions:
                  { 0.76713        Li[1+]                        
                  + 5.5983E-02     Be[CN=IV                      
                  + 4.5581E-09     U[Dimer]                      
                  + 1.2463E-02     U[3+]                         
                  + 0.16437        Be[Dimer                      
                  + 4.0444E-05     U[CN=VI]                      
                  + 1.2745E-05     U[CN=VII }                    
    Anion fractions:
                  { 1.00000        F        }                    

       7.81351 Moles of pairs
    Pair fractions:
                  { 0.76713        LiF                           
                  + 5.5983E-02     Be[CN=IV]F2                   
                  + 4.5581E-09     U[Dimer]F8                    
                  + 1.2463E-02     UF3                           
                  + 0.16437        Be[Dimer]F4                   
                  + 1.2745E-05     U[CN=VII]F4                   
                  + 4.0444E-05     U[CN=VI]F4  }                 

    Quadruplet fractions:
                  { 0.30192        Li[1+]-Li[1+]-F-F             
                  + 3.2276E-04     Be[CN=IV-Be[CN=IV-F-F         
                  + 2.1988E-17     U[Dimer]-U[Dimer]-F-F         
                  + 1.1914E-03     U[3+]-U[3+]-F-F               
                  + 1.9172E-02     Be[Dimer-Be[Dimer-F-F         
                  + 9.7401E-11     U[CN=VI]-U[CN=VI]-F-F         
                  + 1.4213E-11     U[CN=VII-U[CN=VII-F-F         
                  + 0.16834        Li[1+]-Be[CN=IV-F-F           
                  + 1.2046E-08     Li[1+]-U[Dimer]-F-F           
                  + 4.2865E-10     Be[CN=IV-U[Dimer]-F-F         
                  + 2.6998E-02     Li[1+]-U[3+]-F-F              
                  + 1.1457E-03     Be[CN=IV-U[3+]-F-F            
                  + 8.7497E-10     U[Dimer]-U[3+]-F-F            
                  + 0.46693        Li[1+]-Be[Dimer-F-F           
                  + 4.9752E-03     Be[CN=IV-Be[Dimer-F-F         
                  + 1.0448E-09     U[Dimer]-Be[Dimer-F-F         
                  + 8.8301E-03     U[3+]-Be[Dimer-F-F            
                  + 1.2294E-04     Li[1+]-U[CN=VI]-F-F           
                  + 3.2686E-07     Be[CN=IV-U[CN=VI]-F-F         
                  + 9.2555E-14     U[Dimer]-U[CN=VI]-F-F         
                  + 1.9432E-06     U[3+]-U[CN=VI]-F-F            
                  + 2.5191E-06     Be[Dimer-U[CN=VI]-F-F         
                  + 3.6178E-05     Li[1+]-U[CN=VII-F-F           
                  + 1.2486E-07     Be[CN=IV-U[CN=VII-F-F         
                  + 3.5356E-14     U[Dimer]-U[CN=VII-F-F         
                  + 7.4229E-07     U[3+]-U[CN=VII-F-F            
                  + 3.2037E-06     Be[Dimer-U[CN=VII-F-F         
                  + 7.4415E-11     U[CN=VI]-U[CN=VII-F-F}        

    + 0.70187 mol P3c1           
                  { 1.00000        UF3                           
                  + 2.9488E-06     UF4}                          

    + 0.20034 mol U_S3(s3)       

 ===========================================================
 |                    System properties                    |
 ===========================================================

  Temperature =    1150.00 [K]
  Pressure    =     1.0000 [atm]

  System Component | Mass [mol] | Chemical potential [J/mol]
 ------------------|------------|---------------------------
      U            | 1.0000E+00 |  -8.199266E+04
      F            | 1.4405E+01 |  -5.479101E+05
      Be           | 3.0060E+00 |  -6.924725E+04
      Li           | 5.9940E+00 |  -1.555538E+05

  Integral Gibbs energy = -9.11540E+06 [J]
  Functional norm       =  2.42822E-07 [unitless]

  # of stable pure condensed phases =   1
  # of stable solution phases       =   2

 ===========================================================


 DEBUG: Successful exit.


 ===========================================================
 |                  THERMOCHIMICA RESULTS                  |
 ===========================================================

       14.837 mol MSFL           
    Cation fractions:
                  { 0.76672        Li[1+]                        
                  + 5.2221E-02     Be[CN=IV                      
                  + 1.4060E-08     U[Dimer]                      
                  + 1.4818E-02     U[3+]                         
                  + 0.16615        Be[Dimer                      
                  + 6.7297E-05     U[CN=VI]                      
                  + 2.2787E-05     U[CN=VII }                    
    Anion fractions:
                  { 1.00000        F        }                    

       7.81767 Moles of pairs
    Pair fractions:
                  { 0.76672        LiF                           
                  + 5.2221E-02     Be[CN=IV]F2                   
                  + 1.4060E-08     U[Dimer]F8                    
                  + 1.4818E-02     UF3                           
                  + 0.16615        Be[Dimer]F4                   
                  + 2.2787E-05     U[CN=VII]F4                   
                  + 6.7297E-05     U[CN=VI]F4  }                 

    Quadruplet fractions:
                  { 0.30321        Li[1+]-Li[1+]-F-F             
                  + 3.3672E-04     Be[CN=IV-Be[CN=IV-F-F         
                  + 2.1792E-16     U[Dimer]-U[Dimer]-F-F         
                  + 1.6396E-03     U[3+]-U[3+]-F-F               
                  + 1.9882E-02     Be[Dimer-Be[Dimer-F-F         
                  + 3.2405E-10     U[CN=VI]-U[CN=VI]-F-F         
                  + 5.3305E-11     U[CN=VII-U[CN=VII-F-F         
                  + 0.15607        Li[1+]-Be[CN=IV-F-F           
                  + 3.6645E-08     Li[1+]-U[Dimer]-F-F           
                  + 1.3328E-09     Be[CN=IV-U[Dimer]-F-F         
                  + 3.1736E-02     Li[1+]-U[3+]-F-F              
                  + 1.3616E-03     Be[CN=IV-U[3+]-F-F            
                  + 3.1328E-09     U[Dimer]-U[3+]-F-F            
                  + 0.46984        Li[1+]-Be[Dimer-F-F           
                  + 5.1748E-03     Be[CN=IV-Be[Dimer-F-F         
                  + 3.3383E-09     U[Dimer]-Be[Dimer-F-F         
                  + 1.0462E-02     U[3+]-Be[Dimer-F-F            
                  + 2.0352E-04     Li[1+]-U[CN=VI]-F-F           
                  + 6.0347E-07     Be[CN=IV-U[CN=VI]-F-F         
                  + 5.3147E-13     U[Dimer]-U[CN=VI]-F-F         
                  + 3.9839E-06     U[3+]-U[CN=VI]-F-F            
                  + 4.6371E-06     Be[Dimer-U[CN=VI]-F-F         
                  + 6.4222E-05     Li[1+]-U[CN=VII-F-F           
                  + 2.4475E-07     Be[CN=IV-U[CN=VII-F-F         
                  + 2.1556E-13     U[Dimer]-U[CN=VII-F-F         
                  + 1.6158E-06     U[3+]-U[CN=VII-F-F            
                  + 5.9552E-06     Be[Dimer-U[CN=VII-F-F         
                  + 2.6286E-10     U[CN=VI]-U[CN=VII-F-F}        

    + 0.68302 mol P3c1           
                  { 0.99999        UF3                           
                  + 5.0789E-06     UF4}                          

    + 0.20044 mol U_S3(s3)       

 ===========================================================
 |                    System properties                    |
 ===========================================================

  Temperature =    1200.00 [K]
  Pressure    =     1.0000 [atm]

  System Component | Mass [mol] | Chemical potential [J/mol]
 ------------------|------------|---------------------------
      U            | 1.0000E+00 |  -8.730859E+04
      F            | 1.4405E+01 |  -5.506057E+05
      Be           | 3.0060E+00 |  -7.288196E+04
      Li           | 5.9940E+00 |  -1.596380E+05

  Integral Gibbs energy = -9.19496E+06 [J]
  Functional norm       =  2.63070E-07 [unitless]

  # of stable pure condensed phases =   1
  # of stable solution phases       =   2

 ===========================================================


 DEBUG: Successful exit.

