STDOUT:
 WARNING: Element Cl  not in database and therefore omitted from calculation

 ===========================================================
 |                  THERMOCHIMICA RESULTS                  |
 ===========================================================

   5.4543E-02 mol SSavsoln    
                  { 0.55456        BeF2                          
                  + 0.43421        Li3ThF7                       
                  + 1.1229E-02     LiBeThF7}                     

 + 7.1027E-03 mol SSafsoln    
                  { 0.21629        ThF7Li3                       
                  + 0.78371        UF7Li3 }                      

       ------------------------------------------------
       Sublattice 1; stoichiometric coefficient:  3.000
                  { Li         1.0000     }

       Sublattice 2; stoichiometric coefficient:  1.000
                  { Th         0.21629     
                  + U          0.78371    }

       Sublattice 3; stoichiometric coefficient:  7.000
                  { F          1.0000     }
       ------------------------------------------------

 + 9.4396E-06 mol gas_ideal   
                  { 0.72214        F2                            
                  + 0.11508        PuF6                          
                  + 0.10433        He                            
                  + 2.7543E-02     F                             
                  + 1.7440E-02     I2                            
                  + 1.0807E-02     Ne                            
                  + 2.6078E-03     I                             
                  + 2.3692E-05     BeF2                          
                  + 1.0958E-05     CsBeF3                        
                  + 9.7982E-06     LiBeF3                        
                  + 4.7813E-06     RbF                           
                  + 7.4816E-07     Li2BeF4                       
                  + 7.0762E-07     Rb2F2                         
                  + 4.4567E-07     ZrF4                          
                  + 3.3502E-08     CsZrF5                        
                  + 2.8793E-08     CsUF5                         
                  + 2.5329E-08     UF4                           
                  + 2.3432E-08     LiF                           
                  + 1.3011E-08     Be2F4                         
                  + 1.0006E-08     Li2F2                         
                  + 2.7622E-09     LiUF5                         
                  + 2.1839E-09     Cs2Be2F6                      
                  + 2.1176E-09     Li2ZrF6                       
                  + 2.0997E-09     CsF                           
                  + 4.1105E-10     Li3F3                         
                  + 2.4119E-10     CsZr2F9                       
                  + 8.0317E-11     CrF3                          
                  + 3.2289E-12     ThF4                          
                  + 2.9706E-12     LiZr2F9                       
                  + 1.3120E-13     Cs2ZrF6                       
                  + 5.0441E-14     BaF2                          
                  + 6.6606E-15     CeF3                          
                  + 3.2724E-15     NdF3                          
                  + 1.9253E-15     Cs2F2                         
                  + 7.0348E-16     LaF3                          
                  + 4.0537E-16     RbI                           
                  + 2.0073E-16     SrF2                          
                  + 1.4554E-20     CsI                           
                  + 5.7553E-22     LiI                           
                  + 4.7797E-25     PuF3                          
                  + 4.2589E-28     Rb                            
                  + 1.2562E-28     Rb2I2                         
                  + 6.5435E-30     CrF2                          
                  + 3.0198E-33     Cs                            
                  + 2.9093E-35     Li                            
                  + 1.9380E-35     UF3                           
                  + 1.8177E-35     ZrF3                          
                  + 4.0257E-37     Cs2I2                         
                  + 1.6213E-37     BeF                           
                  + 2.1396E-39     Li2I2                         
                  + 1.4892E-39     BaF                           
                  + 2.5627E-40     ThF3                          
                  + 3.4181E-41     SrF                           
                  + 1.0568E-41     BaI2                          
                  + 2.1743E-43     SrI2                          
                  + 1.6189E-45     BeI2                          
                  + 4.9753E-52     CrF                           
                  + 5.6477E-54     PuF2                          
                  + 1.3040E-54     BaI                           
                  + 2.3906E-55     SrI                           
                  + 2.4755E-56     CrI3                          
                  + 2.4747E-56     Rb2                           
                  + 8.1088E-58     CrI2                          
                  + 6.3018E-59     Li3I3                         
                  + 2.2588E-61     CrI                           
                  + 3.6772E-63     CeI3                          
                  + 3.6739E-63     ZrF2                          
                  + 1.0560E-63     LaI3                          
                  + 4.9498E-64     NdI3                          
                  + 2.6276E-64     Be                            
                  + 3.5400E-66     Sr                            
                  + 1.1755E-66     Cs2                           
                  + 1.4710E-67     Ba                            
                  + 3.8528E-68     Li2                           
                  + 3.5702E-68     ThF2                          
                  + 4.8617E-72     Cr                            
                  + 1.8324E-88     PuF                           
                  + 1.0730E-92     UI4                           
                  + 1.5020E-96     ZrI4                          
                  + 1.2375E-97     PuI3                          
                  + 7.6995E-98     ThI4                          
                  + 1.0725-100     UI3                           
                  + 6.4467-101     Be2I4                         
                  + 8.5339-103     ZrF                           
                  + 1.7983-105     UI2                           
                  + 1.7704-105     ZrI3                          
                  + 7.1106-107     PuF4                          
                  + 9.9418-108     Nd                            
                  + 1.7355-110     ThI3                          
                  + 1.9407-113     Ce                            
                  + 1.3142-114     Pu                            
                  + 9.1729-115     La                            
                  + 1.0015-117     ZrI2                          
                  + 1.6137-123     ThI2                          
                  + 6.2684-131     ZrI                           
                  + 3.8829-131     Zr                            
                  + 1.1317-133     U                             
                  + 7.1113-138     ThI                           
                  + 5.1888-139     Be2                           
                  + 9.0151-142     Sr2                           
                  + 5.4166-147     Ba2                           
                  + 4.8530-148     Th                            
                  + 1.0594-198     La2                           
                  + 1.0594-198     Ce2     }                     

 + 5.0848E-06 mol R3c         
                  { 1.00000        CrF3                          
                  + 5.8373E-19     CrF2}                         

 + 3.6632E-06 mol P3c1        
                  { 0.44770        CeF3                          
                  + 0.31403        NdF3                          
                  + 0.23640        LaF3                          
                  + 9.4949E-04     ThF4                          
                  + 9.1968E-04     UF4                           
                  + 3.3012E-11     PuF3                          
                  + 2.0173E-20     UF3 }                         

 + 5.5811E-07 mol cphsoln     
                  { 0.69824        Ru                            
                  + 0.30081        Mo                            
                  + 9.5535E-04     Tc}                           

 + 2.3127E-07 mol bccsoln     
                  { 0.98708        Mo                            
                  + 9.2005E-03     Ru                            
                  + 3.7244E-03     Tc}                           

 + 2.9575E-09 mol FM3M        
                  { 0.99995        RbF                           
                  + 4.4421E-05     LiF                           
                  + 6.2706E-06     CsF                           
                  + 1.3721E-16     RbI                           
                  + 4.7562E-17     CsI                           
                  + 6.6520E-23     LiI}                          

    + 0.14786 mol LiF_FM3M_No.225

 + 8.9560E-02 mol BeF2_L1(liq)   

 + 2.7842E-06 mol Li3ZrF7_S2(s2) 

 + 4.5107E-07 mol BaF2_FM3M_No.22

 + 4.4239E-07 mol SrF2_FM3M_No.22

 + 7.8670E-08 mol CsBe2F5_S2(s2) 

 ===========================================================
 |                    System properties                    |
 ===========================================================

  Temperature =     900.00 [K]
  Pressure    =     1.0000 [atm]

  System Component | Mass [mol] | Chemical potential [J/mol]
 ------------------|------------|---------------------------
      Pu           | 1.0863E-06 |  -1.622468E+06
      U            | 5.5665E-03 |  -1.704746E+06
      Th           | 2.5832E-02 |  -1.905663E+06
      Nd           | 1.1504E-06 |  -1.539071E+06
      Ce           | 1.6400E-06 |  -1.543841E+06
      La           | 8.6596E-07 |  -1.548430E+06
      Ba           | 4.5107E-07 |  -1.127824E+06
      Cs           | 7.8774E-08 |  -6.499272E+05
      I            | 3.5388E-07 |  -1.085229E+05
      Ru           | 3.9182E-07 |  -4.787359E+04
      Tc           | 1.3945E-09 |  -7.227669E+04
      Mo           | 3.9616E-07 |  -3.846715E+04
      Zr           | 2.7843E-06 |  -1.711561E+06
      Sr           | 4.4239E-07 |  -1.122713E+06
      Rb           | 3.0159E-09 |  -5.518538E+05
      Cr           | 5.0848E-06 |  -9.816346E+05
      Ne           | 1.0202E-07 |  -1.736343E+05
      F            | 6.0733E-01 |  -9.900194E+04
      Be           | 1.2042E-01 |  -9.023088E+05
      Li           | 2.4084E-01 |  -5.687320E+05
      He           | 9.8486E-07 |  -1.385091E+05

  Integral Gibbs energy = -3.64489E+05 [J]

 ===========================================================


 DEBUG: Successful exit.


STDERR:
